c:\users\ez\documents\visual studio 2013\projects\콘솔 포트폴리오\콘솔 포트폴리오\debug\vc120.pdb
c:\users\ez\documents\visual studio 2013\projects\콘솔 포트폴리오\콘솔 포트폴리오\debug\vc120.idb
c:\users\ez\documents\visual studio 2013\projects\콘솔 포트폴리오\콘솔 포트폴리오\debug\character.obj
c:\users\ez\documents\visual studio 2013\projects\콘솔 포트폴리오\콘솔 포트폴리오\debug\characterdb.obj
c:\users\ez\documents\visual studio 2013\projects\콘솔 포트폴리오\콘솔 포트폴리오\debug\exitscene.obj
c:\users\ez\documents\visual studio 2013\projects\콘솔 포트폴리오\콘솔 포트폴리오\debug\fieldscene.obj
c:\users\ez\documents\visual studio 2013\projects\콘솔 포트폴리오\콘솔 포트폴리오\debug\homescene.obj
c:\users\ez\documents\visual studio 2013\projects\콘솔 포트폴리오\콘솔 포트폴리오\debug\infoscene.obj
c:\users\ez\documents\visual studio 2013\projects\콘솔 포트폴리오\콘솔 포트폴리오\debug\itemdb.obj
c:\users\ez\documents\visual studio 2013\projects\콘솔 포트폴리오\콘솔 포트폴리오\debug\iteminventory.obj
c:\users\ez\documents\visual studio 2013\projects\콘솔 포트폴리오\콘솔 포트폴리오\debug\main.obj
c:\users\ez\documents\visual studio 2013\projects\콘솔 포트폴리오\콘솔 포트폴리오\debug\forestscene.obj
c:\users\ez\documents\visual studio 2013\projects\콘솔 포트폴리오\콘솔 포트폴리오\debug\monster.obj
c:\users\ez\documents\visual studio 2013\projects\콘솔 포트폴리오\콘솔 포트폴리오\debug\objectmgr.obj
c:\users\ez\documents\visual studio 2013\projects\콘솔 포트폴리오\콘솔 포트폴리오\debug\player.obj
c:\users\ez\documents\visual studio 2013\projects\콘솔 포트폴리오\콘솔 포트폴리오\debug\playerscene.obj
c:\users\ez\documents\visual studio 2013\projects\콘솔 포트폴리오\콘솔 포트폴리오\debug\rendermgr.obj
c:\users\ez\documents\visual studio 2013\projects\콘솔 포트폴리오\콘솔 포트폴리오\debug\resource.obj
c:\users\ez\documents\visual studio 2013\projects\콘솔 포트폴리오\콘솔 포트폴리오\debug\scenemgr.obj
c:\users\ez\documents\visual studio 2013\projects\콘솔 포트폴리오\콘솔 포트폴리오\debug\startscene.obj
c:\users\ez\documents\visual studio 2013\projects\콘솔 포트폴리오\debug\콘솔 포트폴리오.ilk
c:\users\ez\documents\visual studio 2013\projects\콘솔 포트폴리오\debug\콘솔 포트폴리오.exe
c:\users\ez\documents\visual studio 2013\projects\콘솔 포트폴리오\debug\콘솔 포트폴리오.pdb
c:\users\ez\documents\visual studio 2013\projects\콘솔 포트폴리오\콘솔 포트폴리오\debug\콘솔 포트폴리오.tlog\cl.command.1.tlog
c:\users\ez\documents\visual studio 2013\projects\콘솔 포트폴리오\콘솔 포트폴리오\debug\콘솔 포트폴리오.tlog\cl.read.1.tlog
c:\users\ez\documents\visual studio 2013\projects\콘솔 포트폴리오\콘솔 포트폴리오\debug\콘솔 포트폴리오.tlog\cl.write.1.tlog
c:\users\ez\documents\visual studio 2013\projects\콘솔 포트폴리오\콘솔 포트폴리오\debug\콘솔 포트폴리오.tlog\link.command.1.tlog
c:\users\ez\documents\visual studio 2013\projects\콘솔 포트폴리오\콘솔 포트폴리오\debug\콘솔 포트폴리오.tlog\link.read.1.tlog
c:\users\ez\documents\visual studio 2013\projects\콘솔 포트폴리오\콘솔 포트폴리오\debug\콘솔 포트폴리오.tlog\link.write.1.tlog
